[ERROR 2019-07-16 08:37:25]statusCode error, expected_code is E0035, statusCode is 0 
[ERROR 2019-07-16 08:40:54]statusCode error, expected_code is E0035, statusCode is 0 
[ERROR 2019-07-16 08:43:54]statusCode error, expected_code is E0035, statusCode is 0 
[ERROR 2019-07-16 08:52:13]statusCode error, expected_code is E0035, statusCode is 0 
[ERROR 2019-07-16 08:55:09]statusCode error, expected_code is 0, statusCode is E0035 
[ERROR 2019-07-16 09:09:47]statusCode error, expected_code is 0, statusCode is E0035 
[ERROR 2019-07-16 09:10:16]statusCode error, expected_code is 0, statusCode is E0035 
[ERROR 2019-07-16 09:27:56]statusCode error, expected_code is 0, statusCode is E0035 
[ERROR 2019-07-16 09:28:22]statusCode error, expected_code is 0, statusCode is E0035 
[ERROR 2019-07-16 09:28:29]statusCode error, expected_code is 0, statusCode is E0035 
[ERROR 2019-07-16 09:31:49]statusCode error, expected_code is 0, statusCode is E0035 
[ERROR 2019-07-16 09:58:41]statusCode error, expected_code is 0, statusCode is E0035 
[ERROR 2019-07-16 09:59:42]statusCode error, expected_code is 0, statusCode is E0035 
[ERROR 2019-07-16 09:59:57]statusCode error, expected_code is 0, statusCode is E0035 
[ERROR 2019-07-16 10:01:00]statusCode error, expected_code is 0, statusCode is E0035 
[ERROR 2019-07-16 10:24:47]statusCode error, expected_code is 0, statusCode is E0035 
[ERROR 2019-07-16 10:25:28]statusCode error, expected_code is 0, statusCode is E0035 
[ERROR 2019-07-16 10:25:29]statusCode error, expected_code is 0, statusCode is E0035 
[ERROR 2019-07-16 10:26:20]statusCode error, expected_code is 0, statusCode is E0035 
[ERROR 2019-07-16 10:26:21]statusCode error, expected_code is 0, statusCode is E0035 
[ERROR 2019-07-16 10:30:01]statusCode error, expected_code is 0, statusCode is E0035 
[ERROR 2019-07-16 10:30:02]statusCode error, expected_code is 0, statusCode is E0035 
[ERROR 2019-07-16 10:36:58]statusCode error, expected_code is 0, statusCode is E0035 
[ERROR 2019-07-16 10:36:59]statusCode error, expected_code is 0, statusCode is E0035 
[ERROR 2019-07-16 10:37:16]statusCode error, expected_code is 0, statusCode is E0035 
[ERROR 2019-07-16 10:37:17]statusCode error, expected_code is 0, statusCode is E0035 
[ERROR 2019-07-16 13:27:27]statusCode error, expected_code is 0, statusCode is 1 
[ERROR 2019-07-16 13:27:27]statusCode error, expected_code is 0, statusCode is 1 
[ERROR 2019-07-16 13:27:27]statusCode error, expected_code is 0, statusCode is 1 
[ERROR 2019-07-16 13:27:27]statusCode error, expected_code is 0, statusCode is 1 
[ERROR 2019-07-16 13:41:26]statusCode error, expected_code is 0, statusCode is 1 
[ERROR 2019-07-16 13:41:26]statusCode error, expected_code is 0, statusCode is 1 
[ERROR 2019-07-16 13:41:26]statusCode error, expected_code is 0, statusCode is 1 
[ERROR 2019-07-16 13:41:26]statusCode error, expected_code is 0, statusCode is 1 
[ERROR 2019-07-17 08:23:49]statusCode error, expected_code is 0, statusCode is 1 
[ERROR 2019-07-17 08:23:57]statusCode error, expected_code is 0, statusCode is 1 
[ERROR 2019-07-17 08:23:59]statusCode error, expected_code is 0, statusCode is 1 
[ERROR 2019-07-17 09:26:10]statusCode error, expected_code is 0, statusCode is 1 
[ERROR 2019-07-17 09:26:23]statusCode error, expected_code is 0, statusCode is 1 
[ERROR 2019-07-17 09:26:28]statusCode error, expected_code is 0, statusCode is 1 
[ERROR 2019-07-17 09:28:22]statusCode error, expected_code is 0, statusCode is 1 
[ERROR 2019-07-17 09:28:34]statusCode error, expected_code is 0, statusCode is 1 
[ERROR 2019-07-17 09:28:42]statusCode error, expected_code is 0, statusCode is 1 
[ERROR 2019-07-17 11:38:31]statusCode error, expected_code is 0, statusCode is E0035 
[ERROR 2019-07-17 13:18:06]statusCode error, expected_code is 0, statusCode is 5000 
[ERROR 2019-07-17 13:19:33]statusCode error, expected_code is 0, statusCode is 5000 
[ERROR 2019-07-17 13:32:57]statusCode error, expected_code is 0, statusCode is 9999 
[ERROR 2019-07-17 13:33:00]statusCode error, expected_code is 0, statusCode is 1 
[ERROR 2019-07-17 14:15:18]statusCode error, expected_code is 0, statusCode is 5000 
[ERROR 2019-07-17 14:16:48]statusCode error, expected_code is 0, statusCode is 1 
[ERROR 2019-07-17 14:18:47]statusCode error, expected_code is 0, statusCode is E0035 
[ERROR 2019-07-17 14:29:33]statusCode error, expected_code is 0, statusCode is E0035 
[ERROR 2019-07-17 14:33:46]statusCode error, expected_code is 0, statusCode is 9999 
[ERROR 2019-07-17 14:33:50]statusCode error, expected_code is 0, statusCode is 9999 
[ERROR 2019-07-17 14:36:52]statusCode error, expected_code is 0, statusCode is 1 
[ERROR 2019-07-17 14:41:09]statusCode error, expected_code is 0, statusCode is 9999 
[ERROR 2019-07-17 15:19:52]statusCode error, expected_code is 0, statusCode is 9999 
[ERROR 2019-07-17 15:20:13]statusCode error, expected_code is 0, statusCode is 9999 
[ERROR 2019-07-17 15:20:21]statusCode error, expected_code is 0, statusCode is 1 
[ERROR 2019-07-17 16:01:31]statusCode error, expected_code is 0, statusCode is 9999 
[ERROR 2019-07-17 16:01:36]statusCode error, expected_code is 0, statusCode is 9999 
[ERROR 2019-07-19 14:10:09]statusCode error, expected_code is 0, statusCode is E0035 
[ERROR 2019-07-19 14:10:09]statusCode error, expected_code is 0, statusCode is E0035 
[ERROR 2019-07-19 14:10:13]statusCode error, expected_code is 0, statusCode is E0035 
[ERROR 2019-07-19 14:10:50]statusCode error, expected_code is 0, statusCode is E0035 
[ERROR 2019-07-19 14:10:50]statusCode error, expected_code is 0, statusCode is E0035 
[ERROR 2019-07-19 14:10:53]statusCode error, expected_code is 0, statusCode is E0035 
[ERROR 2019-07-19 14:12:57]statusCode error, expected_code is 0, statusCode is E0035 
[ERROR 2019-07-19 14:12:58]statusCode error, expected_code is 0, statusCode is E0035 
[ERROR 2019-07-19 14:13:01]statusCode error, expected_code is 0, statusCode is E0035 
[ERROR 2019-09-09 08:50:22]statusCode error, expected_code is 0, statusCode is -1 
[ERROR 2019-09-09 11:11:39]statusCode error, expected_code is 0, statusCode is -1 
[ERROR 2019-09-09 11:15:12]statusCode error, expected_code is 0, statusCode is -1 
[ERROR 2019-09-09 12:41:27]statusCode error, expected_code is 0, statusCode is 20015 
[ERROR 2019-09-09 13:10:07]发送钉钉失败，请检查钉钉配置
[ERROR 2019-09-09 13:12:23]发送钉钉失败，请检查钉钉配置
[ERROR 2019-09-19 15:57:55]statusCode error, expected_code is 0, statusCode is 1 
[ERROR 2019-09-19 15:57:55]statusCode error, expected_code is 0, statusCode is 1 
[ERROR 2019-09-19 15:57:55]statusCode error, expected_code is 0, statusCode is 1 
[ERROR 2019-09-19 15:57:55]statusCode error, expected_code is 0, statusCode is 1 
[ERROR 2019-09-19 15:58:18]statusCode error, expected_code is 0, statusCode is 1 
[ERROR 2019-09-19 16:06:20]statusCode error, expected_code is 0, statusCode is 1 
[ERROR 2019-09-19 16:06:44]statusCode error, expected_code is 0, statusCode is 1 
[ERROR 2019-09-24 15:18:35]statusCode error, expected_code is 0, statusCode is 1 
[ERROR 2019-09-24 15:18:37]statusCode error, expected_code is 0, statusCode is 3T9024 
[ERROR 2019-09-24 15:50:15]statusCode error, expected_code is 0, statusCode is 1 
[ERROR 2019-09-24 15:50:15]statusCode error, expected_code is 0, statusCode is 1 
[ERROR 2019-09-24 15:50:16]statusCode error, expected_code is 0, statusCode is 1 
[ERROR 2019-09-24 15:54:32]statusCode error, expected_code is 0, statusCode is 30002 
[ERROR 2019-09-24 15:54:32]statusCode error, expected_code is 0, statusCode is 1 
[ERROR 2019-09-24 15:54:55]statusCode error, expected_code is 0, statusCode is 30002 
[ERROR 2019-09-24 15:54:55]statusCode error, expected_code is 0, statusCode is 1 
[ERROR 2019-09-24 15:56:20]statusCode error, expected_code is 0, statusCode is 30002 
[ERROR 2019-09-24 15:56:20]statusCode error, expected_code is 0, statusCode is 1 
[ERROR 2019-09-24 15:57:25]statusCode error, expected_code is 0, statusCode is 30002 
[ERROR 2019-09-24 15:57:25]statusCode error, expected_code is 0, statusCode is 1 
[ERROR 2019-09-24 16:00:23]statusCode error, expected_code is 0, statusCode is 30002 
[ERROR 2019-09-24 16:00:24]statusCode error, expected_code is 0, statusCode is 1 
[ERROR 2019-09-24 16:01:20]statusCode error, expected_code is 0, statusCode is 30002 
[ERROR 2019-09-24 16:01:20]statusCode error, expected_code is 0, statusCode is 1 
[ERROR 2019-09-24 16:04:04]statusCode error, expected_code is 0, statusCode is 30002 
[ERROR 2019-09-24 16:04:04]statusCode error, expected_code is 0, statusCode is 1 
[ERROR 2019-09-24 16:43:35]statusCode error, expected_code is 0, statusCode is 1 
[ERROR 2019-09-24 17:48:59]statusCode error, expected_code is 0, statusCode is 1 
[ERROR 2019-11-29 11:38:30]statusCode error, expected_code is 0, statusCode is 9888 
[ERROR 2019-11-29 14:49:09]statusCode error, expected_code is 0, statusCode is 1 
[ERROR 2019-11-29 14:52:51]statusCode error, expected_code is 0, statusCode is 1 
